2024-09-09 01:15:15,791 - INFO - Starting App
2024-09-09 01:16:05,657 - INFO - Starting Request
2024-09-09 01:16:05,674 - INFO - Ended Request. Process time: 0.0
2024-09-09 01:16:06,069 - INFO - Starting Request
2024-09-09 01:16:06,090 - INFO - Ended Request. Process time: 0.020516157150268555
2024-09-09 01:16:17,567 - INFO - Starting Request
2024-09-09 01:16:17,570 - INFO - Ended Request. Process time: 0.0013575553894042969
2024-09-09 01:17:31,782 - INFO - Starting App
2024-09-09 01:17:53,278 - INFO - Starting Request
2024-09-09 01:17:53,278 - INFO - Ended Request. Process time: 0.0
2024-09-09 01:17:53,678 - INFO - Starting Request
2024-09-09 01:17:53,697 - INFO - Ended Request. Process time: 0.01897144317626953
2024-09-09 01:18:04,886 - INFO - Starting Request
2024-09-09 01:18:04,887 - INFO - Ended Request. Process time: 0.0
2024-09-09 01:19:08,204 - INFO - Starting Request
2024-09-09 01:19:08,204 - INFO - Ended Request. Process time: 0.0
2024-09-09 01:19:36,643 - INFO - Starting Request
2024-09-09 01:19:36,646 - INFO - Ended Request. Process time: 0.0023927688598632812
2024-09-09 01:19:55,592 - INFO - Starting Request
2024-09-09 01:29:03,358 - INFO - Starting App
2024-09-09 01:29:22,596 - INFO - Starting Request
2024-09-09 01:29:22,610 - INFO - Ended Request. Process time: 0.014116525650024414
2024-09-09 01:29:22,775 - INFO - Starting Request
2024-09-09 01:29:22,798 - INFO - Ended Request. Process time: 0.02379298210144043
2024-09-09 01:29:31,080 - INFO - Starting Request
2024-09-09 01:29:31,081 - INFO - Ended Request. Process time: 0.0008418560028076172
2024-09-09 01:29:54,301 - INFO - Starting Request
2024-09-09 01:29:54,313 - INFO - Ended Request. Process time: 0.011356115341186523
2024-09-09 01:30:22,654 - INFO - Starting Request
2024-09-09 01:30:22,672 - WARNING - Username Must Be Unique
2024-09-09 01:30:22,677 - INFO - Ended Request. Process time: 0.023431062698364258
2024-09-13 16:00:23,422 - INFO - Starting App
2024-09-13 16:00:23,491 - INFO - Starting Request
2024-09-13 16:00:23,492 - INFO - Ended Request. Process time: 0.0
2024-09-13 16:00:23,496 - INFO - HTTP Request: GET http://testserver/customers "HTTP/1.1 307 Temporary Redirect"
2024-09-13 16:00:23,499 - INFO - Starting Request
2024-09-13 16:00:23,502 - INFO - Ended Request. Process time: 0.002630949020385742
2024-09-13 16:00:23,505 - INFO - HTTP Request: GET http://testserver/customers/ "HTTP/1.1 200 OK"
2024-09-13 16:00:35,570 - INFO - Starting App
2024-09-13 16:00:35,625 - INFO - Starting Request
2024-09-13 16:00:35,625 - INFO - Ended Request. Process time: 0.0
2024-09-13 16:00:35,628 - INFO - HTTP Request: GET http://testserver/customers "HTTP/1.1 307 Temporary Redirect"
2024-09-13 16:00:35,631 - INFO - Starting Request
2024-09-13 16:00:35,634 - INFO - Ended Request. Process time: 0.003515481948852539
2024-09-13 16:00:35,636 - INFO - HTTP Request: GET http://testserver/customers/ "HTTP/1.1 200 OK"
2024-09-13 23:04:20,934 - INFO - Starting App
2024-09-13 23:04:21,005 - INFO - Starting Request
2024-09-13 23:04:21,005 - INFO - Ended Request. Process time: 0.0
2024-09-13 23:04:21,005 - INFO - HTTP Request: GET http://testserver/customers "HTTP/1.1 307 Temporary Redirect"
2024-09-13 23:04:21,005 - INFO - Starting Request
2024-09-13 23:04:21,021 - INFO - Ended Request. Process time: 0.01588296890258789
2024-09-13 23:04:21,022 - INFO - HTTP Request: GET http://testserver/customers/ "HTTP/1.1 200 OK"
2024-09-13 23:04:39,951 - INFO - Starting App
2024-09-13 23:04:40,015 - INFO - Starting Request
2024-09-13 23:04:40,016 - INFO - Ended Request. Process time: 0.0
2024-09-13 23:04:40,017 - INFO - HTTP Request: GET http://testserver/customers "HTTP/1.1 307 Temporary Redirect"
2024-09-13 23:04:40,021 - INFO - Starting Request
2024-09-13 23:04:40,021 - INFO - Ended Request. Process time: 0.0
2024-09-13 23:04:40,021 - INFO - HTTP Request: GET http://testserver/customers/ "HTTP/1.1 200 OK"
2024-09-13 23:14:38,104 - INFO - Starting App
2024-09-13 23:14:38,162 - INFO - Starting Request
2024-09-13 23:14:38,162 - INFO - Ended Request. Process time: 0.0
2024-09-13 23:14:38,162 - INFO - HTTP Request: GET http://testserver/customers "HTTP/1.1 307 Temporary Redirect"
2024-09-13 23:14:38,162 - INFO - Starting Request
2024-09-13 23:14:38,177 - INFO - Ended Request. Process time: 0.01476144790649414
2024-09-13 23:14:38,179 - INFO - HTTP Request: GET http://testserver/customers/ "HTTP/1.1 200 OK"
2024-09-13 23:16:10,575 - INFO - Starting App
2024-09-13 23:16:10,658 - INFO - Starting Request
2024-09-13 23:16:10,660 - INFO - Ended Request. Process time: 0.000997304916381836
2024-09-13 23:16:10,662 - INFO - HTTP Request: GET http://testserver/customers "HTTP/1.1 307 Temporary Redirect"
2024-09-13 23:16:10,666 - INFO - Starting Request
2024-09-13 23:16:10,668 - INFO - Ended Request. Process time: 0.001994609832763672
2024-09-13 23:16:10,670 - INFO - HTTP Request: GET http://testserver/customers/ "HTTP/1.1 200 OK"
2024-09-13 23:16:28,575 - INFO - Starting App
2024-09-13 23:16:28,635 - INFO - Starting Request
2024-09-13 23:16:28,636 - INFO - Ended Request. Process time: 0.0
2024-09-13 23:16:28,637 - INFO - HTTP Request: GET http://testserver/customers "HTTP/1.1 307 Temporary Redirect"
2024-09-13 23:16:28,641 - INFO - Starting Request
2024-09-13 23:16:28,641 - INFO - Ended Request. Process time: 0.0
2024-09-13 23:16:28,641 - INFO - HTTP Request: GET http://testserver/customers/ "HTTP/1.1 200 OK"
2024-09-13 23:18:58,324 - INFO - Starting App
2024-09-13 23:18:58,395 - INFO - Starting Request
2024-09-13 23:18:58,395 - INFO - Ended Request. Process time: 0.0
2024-09-13 23:18:58,403 - INFO - HTTP Request: GET http://testserver/customers "HTTP/1.1 307 Temporary Redirect"
2024-09-13 23:18:58,403 - INFO - Starting Request
2024-09-13 23:18:58,403 - INFO - Ended Request. Process time: 0.0
2024-09-13 23:18:58,403 - INFO - HTTP Request: GET http://testserver/customers/ "HTTP/1.1 200 OK"
2024-09-13 23:19:08,238 - INFO - Starting App
2024-09-13 23:19:08,314 - INFO - Starting Request
2024-09-13 23:19:08,315 - INFO - Ended Request. Process time: 0.0
2024-09-13 23:19:08,320 - INFO - HTTP Request: GET http://testserver/customers "HTTP/1.1 307 Temporary Redirect"
2024-09-13 23:19:08,324 - INFO - Starting Request
2024-09-13 23:19:08,326 - INFO - Ended Request. Process time: 0.0019965171813964844
2024-09-13 23:19:08,328 - INFO - HTTP Request: GET http://testserver/customers/ "HTTP/1.1 200 OK"
2024-09-13 23:21:53,628 - INFO - Starting App
2024-09-13 23:21:53,696 - INFO - Starting Request
2024-09-13 23:21:53,696 - INFO - Ended Request. Process time: 0.0
2024-09-13 23:21:53,706 - INFO - HTTP Request: GET http://testserver/customers "HTTP/1.1 307 Temporary Redirect"
2024-09-13 23:21:53,709 - INFO - Starting Request
2024-09-13 23:21:53,711 - INFO - Ended Request. Process time: 0.0005593299865722656
2024-09-13 23:21:53,711 - INFO - HTTP Request: GET http://testserver/customers/ "HTTP/1.1 200 OK"
2024-09-13 23:28:16,097 - INFO - Starting App
2024-09-13 23:28:16,169 - INFO - Starting Request
2024-09-13 23:28:16,172 - INFO - Ended Request. Process time: 0.0026307106018066406
2024-09-13 23:28:16,172 - INFO - HTTP Request: GET http://testserver/customers "HTTP/1.1 307 Temporary Redirect"
2024-09-13 23:28:16,179 - INFO - Starting Request
2024-09-13 23:28:16,181 - INFO - Ended Request. Process time: 0.0009009838104248047
2024-09-13 23:28:16,181 - INFO - HTTP Request: GET http://testserver/customers/ "HTTP/1.1 200 OK"
2024-09-13 23:28:16,181 - INFO - Starting Request
2024-09-13 23:28:16,181 - INFO - Ended Request. Process time: 0.0
2024-09-13 23:28:16,196 - INFO - HTTP Request: POST http://testserver/customers "HTTP/1.1 307 Temporary Redirect"
2024-09-13 23:28:16,200 - INFO - Starting Request
2024-09-13 23:28:16,203 - INFO - Ended Request. Process time: 0.002991914749145508
2024-09-13 23:28:16,206 - INFO - HTTP Request: POST http://testserver/customers/ "HTTP/1.1 201 Created"
2024-09-13 23:28:38,749 - INFO - Starting App
2024-09-13 23:28:38,816 - INFO - Starting Request
2024-09-13 23:28:38,826 - INFO - Ended Request. Process time: 0.009713888168334961
2024-09-13 23:28:38,830 - INFO - HTTP Request: POST http://testserver/customers "HTTP/1.1 307 Temporary Redirect"
2024-09-13 23:28:38,832 - INFO - Starting Request
2024-09-13 23:28:38,832 - INFO - Ended Request. Process time: 0.0
2024-09-13 23:28:38,843 - INFO - HTTP Request: POST http://testserver/customers/ "HTTP/1.1 201 Created"
2024-09-13 23:29:24,182 - INFO - Starting App
2024-09-13 23:29:24,236 - INFO - Starting Request
2024-09-13 23:29:24,238 - INFO - Ended Request. Process time: 0.0009968280792236328
2024-09-13 23:29:24,241 - INFO - HTTP Request: POST http://testserver/customers "HTTP/1.1 307 Temporary Redirect"
2024-09-13 23:29:24,242 - INFO - Starting Request
2024-09-13 23:29:24,251 - INFO - Ended Request. Process time: 0.008542060852050781
2024-09-13 23:29:24,251 - INFO - HTTP Request: POST http://testserver/customers/ "HTTP/1.1 201 Created"
2024-09-13 23:30:15,829 - INFO - Starting App
2024-09-13 23:30:15,900 - INFO - Starting Request
2024-09-13 23:30:15,901 - INFO - Ended Request. Process time: 0.0
2024-09-13 23:30:15,901 - INFO - HTTP Request: POST http://testserver/customers "HTTP/1.1 307 Temporary Redirect"
2024-09-13 23:30:15,917 - INFO - Starting Request
2024-09-13 23:30:15,917 - INFO - Ended Request. Process time: 0.0
2024-09-13 23:30:15,917 - INFO - HTTP Request: POST http://testserver/customers/ "HTTP/1.1 201 Created"
2024-09-13 23:30:32,181 - INFO - Starting App
2024-09-13 23:30:32,220 - INFO - Starting Request
2024-09-13 23:30:32,220 - INFO - Ended Request. Process time: 0.0
2024-09-13 23:30:32,220 - INFO - HTTP Request: GET http://testserver/customers "HTTP/1.1 307 Temporary Redirect"
2024-09-13 23:30:32,235 - INFO - Starting Request
2024-09-13 23:30:32,237 - INFO - Ended Request. Process time: 0.0022830963134765625
2024-09-13 23:30:32,240 - INFO - HTTP Request: GET http://testserver/customers/ "HTTP/1.1 200 OK"
2024-09-13 23:30:32,242 - INFO - Starting Request
2024-09-13 23:30:32,242 - INFO - Ended Request. Process time: 0.0
2024-09-13 23:30:32,242 - INFO - HTTP Request: POST http://testserver/customers "HTTP/1.1 307 Temporary Redirect"
2024-09-13 23:30:32,242 - INFO - Starting Request
2024-09-13 23:30:32,255 - INFO - Ended Request. Process time: 0.01338338851928711
2024-09-13 23:30:32,257 - INFO - HTTP Request: POST http://testserver/customers/ "HTTP/1.1 201 Created"
2024-09-13 23:35:49,445 - INFO - Starting App
2024-09-13 23:35:49,497 - INFO - Starting Request
2024-09-13 23:35:49,497 - INFO - Ended Request. Process time: 0.0
2024-09-13 23:35:49,497 - INFO - HTTP Request: GET http://testserver/customers "HTTP/1.1 307 Temporary Redirect"
2024-09-13 23:35:49,507 - INFO - Starting Request
2024-09-13 23:35:49,507 - INFO - Ended Request. Process time: 0.0
2024-09-13 23:35:49,507 - INFO - HTTP Request: GET http://testserver/customers/ "HTTP/1.1 200 OK"
2024-09-13 23:35:49,523 - INFO - Starting Request
2024-09-13 23:35:49,525 - INFO - Ended Request. Process time: 0.0
2024-09-13 23:35:49,527 - INFO - HTTP Request: POST http://testserver/customers "HTTP/1.1 307 Temporary Redirect"
2024-09-13 23:35:49,529 - INFO - Starting Request
2024-09-13 23:35:49,532 - INFO - Ended Request. Process time: 0.0029931068420410156
2024-09-13 23:35:49,535 - INFO - HTTP Request: POST http://testserver/customers/ "HTTP/1.1 201 Created"
2024-09-13 23:35:49,548 - INFO - Starting Request
2024-09-13 23:35:49,555 - INFO - Ended Request. Process time: 0.007056474685668945
2024-09-13 23:35:49,555 - INFO - HTTP Request: PUT http://testserver/customers/{3} "HTTP/1.1 422 Unprocessable Entity"
2024-09-13 23:38:26,405 - INFO - Starting App
2024-09-13 23:38:26,475 - INFO - Starting Request
2024-09-13 23:38:26,475 - INFO - Ended Request. Process time: 0.0
2024-09-13 23:38:26,483 - INFO - HTTP Request: GET http://testserver/customers "HTTP/1.1 307 Temporary Redirect"
2024-09-13 23:38:26,486 - INFO - Starting Request
2024-09-13 23:38:26,488 - INFO - Ended Request. Process time: 0.001994609832763672
2024-09-13 23:38:26,489 - INFO - HTTP Request: GET http://testserver/customers/ "HTTP/1.1 200 OK"
2024-09-13 23:38:26,492 - INFO - Starting Request
2024-09-13 23:38:26,492 - INFO - Ended Request. Process time: 0.0
2024-09-13 23:38:26,492 - INFO - HTTP Request: PUT http://testserver/customers/{1} "HTTP/1.1 422 Unprocessable Entity"
2024-09-13 23:39:12,037 - INFO - Starting App
2024-09-13 23:39:12,092 - INFO - Starting Request
2024-09-13 23:39:12,093 - INFO - Ended Request. Process time: 0.0
2024-09-13 23:39:12,093 - INFO - HTTP Request: GET http://testserver/customers "HTTP/1.1 307 Temporary Redirect"
2024-09-13 23:39:12,099 - INFO - Starting Request
2024-09-13 23:39:12,102 - INFO - Ended Request. Process time: 0.003030538558959961
2024-09-13 23:39:12,104 - INFO - HTTP Request: GET http://testserver/customers/ "HTTP/1.1 200 OK"
2024-09-13 23:39:12,108 - INFO - Starting Request
2024-09-13 23:39:12,108 - INFO - Ended Request. Process time: 0.0
2024-09-13 23:39:12,117 - INFO - HTTP Request: PUT http://testserver/customers/1 "HTTP/1.1 422 Unprocessable Entity"
2024-09-13 23:39:47,660 - INFO - Starting App
2024-09-13 23:39:47,733 - INFO - Starting Request
2024-09-13 23:39:47,752 - INFO - Ended Request. Process time: 0.01938915252685547
2024-09-13 23:39:47,756 - INFO - HTTP Request: PUT http://testserver/customers/1 "HTTP/1.1 422 Unprocessable Entity"
2024-09-13 23:40:32,215 - INFO - Starting App
2024-09-13 23:40:32,291 - INFO - Starting Request
2024-09-13 23:40:32,291 - INFO - Ended Request. Process time: 0.0
2024-09-13 23:40:32,291 - INFO - HTTP Request: PUT http://testserver/customers/1 "HTTP/1.1 422 Unprocessable Entity"
2024-09-13 23:41:57,935 - INFO - Starting App
2024-09-13 23:41:57,985 - INFO - Starting Request
2024-09-13 23:41:57,985 - INFO - Ended Request. Process time: 0.0
2024-09-13 23:41:57,998 - INFO - HTTP Request: PUT http://testserver/customers/ "HTTP/1.1 405 Method Not Allowed"
2024-09-13 23:43:05,900 - INFO - Starting App
2024-09-13 23:43:05,957 - INFO - Starting Request
2024-09-13 23:43:05,965 - INFO - Ended Request. Process time: 0.007994651794433594
2024-09-13 23:43:05,965 - INFO - HTTP Request: PUT http://testserver/customers/Olumghty "HTTP/1.1 422 Unprocessable Entity"
2024-09-13 23:50:44,446 - INFO - Starting App
2024-09-13 23:50:44,518 - INFO - Starting Request
2024-09-13 23:50:44,518 - INFO - Ended Request. Process time: 0.0
2024-09-13 23:50:44,518 - INFO - HTTP Request: PUT http://testserver/customers/Olumghty "HTTP/1.1 422 Unprocessable Entity"
2024-09-13 23:51:19,098 - INFO - Starting App
2024-09-13 23:51:19,155 - INFO - Starting Request
2024-09-13 23:51:19,158 - INFO - Ended Request. Process time: 0.00199127197265625
2024-09-13 23:51:19,160 - INFO - HTTP Request: PUT http://testserver/customers/Olumghty "HTTP/1.1 422 Unprocessable Entity"
2024-09-13 23:51:56,039 - INFO - Starting App
2024-09-13 23:51:56,104 - INFO - Starting Request
2024-09-13 23:51:56,107 - INFO - Ended Request. Process time: 0.002994060516357422
2024-09-13 23:51:56,109 - INFO - HTTP Request: PUT http://testserver/customers/1 "HTTP/1.1 422 Unprocessable Entity"
2024-09-13 23:52:38,503 - INFO - Starting App
2024-09-13 23:52:38,580 - INFO - Starting Request
2024-09-13 23:52:38,580 - INFO - Ended Request. Process time: 0.0
2024-09-13 23:52:38,580 - INFO - HTTP Request: PUT http://testserver/customers/1 "HTTP/1.1 422 Unprocessable Entity"
2024-09-13 23:54:50,705 - INFO - Starting App
2024-09-13 23:54:50,778 - INFO - Starting Request
2024-09-13 23:54:50,779 - INFO - Ended Request. Process time: 0.0
2024-09-13 23:54:50,785 - INFO - HTTP Request: PUT http://testserver/customers/ "HTTP/1.1 405 Method Not Allowed"
2024-09-13 23:55:19,799 - INFO - Starting App
2024-09-13 23:55:19,979 - INFO - Starting Request
2024-09-13 23:55:19,979 - INFO - Ended Request. Process time: 0.0
2024-09-13 23:55:19,979 - INFO - HTTP Request: PUT http://testserver/customers/1 "HTTP/1.1 422 Unprocessable Entity"
2024-09-13 23:55:52,177 - INFO - Starting App
2024-09-13 23:55:52,268 - INFO - Starting Request
2024-09-13 23:55:52,270 - INFO - Ended Request. Process time: 0.0019948482513427734
2024-09-13 23:55:52,275 - INFO - HTTP Request: PUT http://testserver/customers/1 "HTTP/1.1 422 Unprocessable Entity"
2024-09-13 23:58:11,320 - INFO - Starting App
2024-09-13 23:58:11,401 - INFO - Starting Request
2024-09-13 23:58:11,401 - INFO - Ended Request. Process time: 0.0
2024-09-13 23:58:11,401 - INFO - HTTP Request: PUT http://testserver/customers/1/ "HTTP/1.1 307 Temporary Redirect"
2024-09-13 23:58:11,418 - INFO - Starting Request
2024-09-13 23:58:11,420 - INFO - Ended Request. Process time: 0.0019941329956054688
2024-09-13 23:58:11,422 - INFO - HTTP Request: PUT http://testserver/customers/1 "HTTP/1.1 422 Unprocessable Entity"
2024-09-13 23:59:23,163 - INFO - Starting App
2024-09-13 23:59:23,233 - INFO - Starting Request
2024-09-13 23:59:23,233 - INFO - Ended Request. Process time: 0.0
2024-09-13 23:59:23,233 - INFO - HTTP Request: PUT http://testserver/customers/1 "HTTP/1.1 422 Unprocessable Entity"
2024-09-14 00:01:26,123 - INFO - Starting App
2024-09-14 00:01:26,223 - INFO - Starting Request
2024-09-14 00:01:26,226 - INFO - Ended Request. Process time: 0.0024688243865966797
2024-09-14 00:01:26,226 - INFO - HTTP Request: PUT http://testserver/customers/1 "HTTP/1.1 422 Unprocessable Entity"
2024-09-14 00:11:42,874 - INFO - Starting App
2024-09-14 00:11:42,928 - INFO - Starting Request
2024-09-14 00:11:42,931 - INFO - Ended Request. Process time: 0.0019941329956054688
2024-09-14 00:11:42,935 - INFO - HTTP Request: PUT http://testserver/customers/1 "HTTP/1.1 422 Unprocessable Entity"
2024-09-14 00:20:03,836 - INFO - Starting App
2024-09-14 00:20:03,968 - INFO - Starting Request
2024-09-14 00:20:03,972 - INFO - Ended Request. Process time: 0.0036830902099609375
2024-09-14 00:20:03,977 - INFO - HTTP Request: PUT http://testserver/customers/1 "HTTP/1.1 422 Unprocessable Entity"
2024-09-14 00:22:27,599 - INFO - Starting App
2024-09-14 00:22:27,645 - INFO - Starting Request
2024-09-14 00:22:51,577 - INFO - Starting App
2024-09-14 00:22:51,639 - INFO - Starting Request
2024-09-14 00:22:51,639 - INFO - Ended Request. Process time: 0.0
2024-09-14 00:22:51,639 - INFO - HTTP Request: PUT http://testserver/customers/1 "HTTP/1.1 200 OK"
2024-09-14 00:23:58,859 - INFO - Starting App
2024-09-14 00:23:58,905 - INFO - Starting Request
2024-09-14 00:23:58,907 - INFO - Ended Request. Process time: 0.002329111099243164
2024-09-14 00:23:58,909 - INFO - HTTP Request: GET http://testserver/customers "HTTP/1.1 307 Temporary Redirect"
2024-09-14 00:23:58,912 - INFO - Starting Request
2024-09-14 00:23:58,912 - INFO - Ended Request. Process time: 0.0
2024-09-14 00:23:58,912 - INFO - HTTP Request: GET http://testserver/customers/ "HTTP/1.1 200 OK"
2024-09-14 00:23:58,924 - INFO - Starting Request
2024-09-14 00:23:58,925 - INFO - Ended Request. Process time: 0.0
2024-09-14 00:23:58,929 - INFO - HTTP Request: POST http://testserver/customers "HTTP/1.1 307 Temporary Redirect"
2024-09-14 00:23:58,933 - INFO - Starting Request
2024-09-14 00:23:58,940 - INFO - Ended Request. Process time: 0.0059854984283447266
2024-09-14 00:23:58,942 - INFO - HTTP Request: POST http://testserver/customers/ "HTTP/1.1 201 Created"
2024-09-14 00:23:58,954 - INFO - Starting Request
2024-09-14 00:23:58,959 - INFO - Ended Request. Process time: 0.004618644714355469
2024-09-14 00:23:58,961 - INFO - HTTP Request: PUT http://testserver/customers/1 "HTTP/1.1 200 OK"
2024-09-14 22:18:19,947 - INFO - Starting App
2024-09-14 22:18:20,007 - INFO - Starting Request
2024-09-14 22:18:20,007 - INFO - Ended Request. Process time: 0.0
2024-09-14 22:18:20,026 - INFO - HTTP Request: GET http://testserver/products "HTTP/1.1 307 Temporary Redirect"
2024-09-14 22:18:20,029 - INFO - Starting Request
2024-09-14 22:18:20,034 - INFO - Ended Request. Process time: 0.004986286163330078
2024-09-14 22:18:20,037 - INFO - HTTP Request: GET http://testserver/products/ "HTTP/1.1 200 OK"
2024-09-14 22:18:20,045 - INFO - Starting Request
2024-09-14 22:18:20,046 - INFO - Ended Request. Process time: 0.0
2024-09-14 22:18:20,048 - INFO - HTTP Request: POST http://testserver/products "HTTP/1.1 307 Temporary Redirect"
2024-09-14 22:18:20,052 - INFO - Starting Request
2024-09-14 22:18:20,060 - INFO - Ended Request. Process time: 0.008019447326660156
2024-09-14 22:18:20,062 - INFO - HTTP Request: POST http://testserver/products/ "HTTP/1.1 202 Accepted"
2024-09-14 22:19:04,806 - INFO - Starting App
2024-09-14 22:19:04,866 - INFO - Starting Request
2024-09-14 22:19:04,866 - INFO - Ended Request. Process time: 0.0
2024-09-14 22:19:04,866 - INFO - HTTP Request: GET http://testserver/products "HTTP/1.1 307 Temporary Redirect"
2024-09-14 22:19:04,866 - INFO - Starting Request
2024-09-14 22:19:04,866 - INFO - Ended Request. Process time: 0.0
2024-09-14 22:19:04,866 - INFO - HTTP Request: GET http://testserver/products/ "HTTP/1.1 200 OK"
2024-09-14 22:19:04,881 - INFO - Starting Request
2024-09-14 22:19:04,882 - INFO - Ended Request. Process time: 0.0
2024-09-14 22:19:04,885 - INFO - HTTP Request: POST http://testserver/products "HTTP/1.1 307 Temporary Redirect"
2024-09-14 22:19:04,887 - INFO - Starting Request
2024-09-14 22:19:04,890 - INFO - Ended Request. Process time: 0.0024983882904052734
2024-09-14 22:19:04,892 - INFO - HTTP Request: POST http://testserver/products/ "HTTP/1.1 201 Created"
2024-09-14 22:28:39,404 - INFO - Starting App
2024-09-14 22:28:39,461 - INFO - Starting Request
2024-09-14 22:28:39,461 - INFO - Ended Request. Process time: 0.0
2024-09-14 22:28:39,461 - INFO - HTTP Request: GET http://testserver/products "HTTP/1.1 307 Temporary Redirect"
2024-09-14 22:28:39,461 - INFO - Starting Request
2024-09-14 22:28:39,477 - INFO - Ended Request. Process time: 0.0
2024-09-14 22:28:39,479 - INFO - HTTP Request: GET http://testserver/products/ "HTTP/1.1 200 OK"
2024-09-14 22:28:39,927 - INFO - Starting Request
2024-09-14 22:28:39,927 - INFO - Ended Request. Process time: 0.0
2024-09-14 22:28:39,927 - INFO - HTTP Request: POST http://testserver/products "HTTP/1.1 307 Temporary Redirect"
2024-09-14 22:28:39,927 - INFO - Starting Request
2024-09-14 22:28:39,943 - INFO - Ended Request. Process time: 0.0
2024-09-14 22:28:39,947 - INFO - HTTP Request: POST http://testserver/products/ "HTTP/1.1 201 Created"
2024-09-14 22:29:33,302 - INFO - Starting App
2024-09-14 22:29:33,336 - INFO - Starting Request
2024-09-14 22:29:33,344 - INFO - Ended Request. Process time: 0.0010595321655273438
2024-09-14 22:29:33,347 - INFO - HTTP Request: GET http://testserver/products "HTTP/1.1 307 Temporary Redirect"
2024-09-14 22:29:33,349 - INFO - Starting Request
2024-09-14 22:29:33,352 - INFO - Ended Request. Process time: 0.0016047954559326172
2024-09-14 22:29:33,352 - INFO - HTTP Request: GET http://testserver/products/ "HTTP/1.1 200 OK"
2024-09-14 22:29:33,600 - INFO - Starting Request
2024-09-14 22:29:33,600 - INFO - Ended Request. Process time: 0.0
2024-09-14 22:29:33,600 - INFO - HTTP Request: POST http://testserver/products "HTTP/1.1 307 Temporary Redirect"
2024-09-14 22:29:33,600 - INFO - Starting Request
2024-09-14 22:29:33,617 - INFO - Ended Request. Process time: 0.016794919967651367
2024-09-14 22:29:33,619 - INFO - HTTP Request: POST http://testserver/products/ "HTTP/1.1 201 Created"
2024-09-14 22:31:07,187 - INFO - Starting App
2024-09-14 22:31:07,273 - INFO - Starting Request
2024-09-14 22:31:07,273 - INFO - Ended Request. Process time: 0.0
2024-09-14 22:31:07,273 - INFO - HTTP Request: GET http://testserver/products "HTTP/1.1 307 Temporary Redirect"
2024-09-14 22:31:07,273 - INFO - Starting Request
2024-09-14 22:31:07,288 - INFO - Ended Request. Process time: 0.015622377395629883
2024-09-14 22:31:07,289 - INFO - HTTP Request: GET http://testserver/products/ "HTTP/1.1 200 OK"
2024-09-14 22:31:07,706 - INFO - Starting Request
2024-09-14 22:31:07,706 - INFO - Ended Request. Process time: 0.0
2024-09-14 22:31:07,706 - INFO - HTTP Request: POST http://testserver/products "HTTP/1.1 307 Temporary Redirect"
2024-09-14 22:31:07,723 - INFO - Starting Request
2024-09-14 22:31:07,733 - INFO - Ended Request. Process time: 0.010176420211791992
2024-09-14 22:31:07,736 - INFO - HTTP Request: POST http://testserver/products/ "HTTP/1.1 201 Created"
2024-09-14 22:31:19,015 - INFO - Starting App
2024-09-14 22:31:19,075 - INFO - Starting Request
2024-09-14 22:31:19,075 - INFO - Ended Request. Process time: 0.0
2024-09-14 22:31:19,079 - INFO - HTTP Request: GET http://testserver/products "HTTP/1.1 307 Temporary Redirect"
2024-09-14 22:31:19,079 - INFO - Starting Request
2024-09-14 22:31:19,079 - INFO - Ended Request. Process time: 0.0
2024-09-14 22:31:19,079 - INFO - HTTP Request: GET http://testserver/products/ "HTTP/1.1 200 OK"
2024-09-14 22:31:19,391 - INFO - Starting Request
2024-09-14 22:31:19,391 - INFO - Ended Request. Process time: 0.0
2024-09-14 22:31:19,391 - INFO - HTTP Request: POST http://testserver/products "HTTP/1.1 307 Temporary Redirect"
2024-09-14 22:31:19,391 - INFO - Starting Request
2024-09-14 22:31:19,391 - INFO - Ended Request. Process time: 0.0
2024-09-14 22:31:19,408 - INFO - HTTP Request: POST http://testserver/products/ "HTTP/1.1 201 Created"
2024-09-14 22:31:44,223 - INFO - Starting App
2024-09-14 22:31:44,306 - INFO - Starting Request
2024-09-14 22:31:44,306 - INFO - Ended Request. Process time: 0.0
2024-09-14 22:31:44,306 - INFO - HTTP Request: GET http://testserver/products "HTTP/1.1 307 Temporary Redirect"
2024-09-14 22:31:44,306 - INFO - Starting Request
2024-09-14 22:31:44,322 - INFO - Ended Request. Process time: 0.015918731689453125
2024-09-14 22:31:44,325 - INFO - HTTP Request: GET http://testserver/products/ "HTTP/1.1 200 OK"
2024-09-14 22:31:44,332 - INFO - Starting Request
2024-09-14 22:31:44,333 - INFO - Ended Request. Process time: 0.0
2024-09-14 22:31:44,335 - INFO - HTTP Request: POST http://testserver/products "HTTP/1.1 307 Temporary Redirect"
2024-09-14 22:31:44,339 - INFO - Starting Request
2024-09-14 22:31:44,346 - INFO - Ended Request. Process time: 0.005984067916870117
2024-09-14 22:31:44,348 - INFO - HTTP Request: POST http://testserver/products/ "HTTP/1.1 201 Created"
2024-09-14 22:32:05,700 - INFO - Starting App
2024-09-14 22:32:05,789 - INFO - Starting Request
2024-09-14 22:32:05,791 - INFO - Ended Request. Process time: 0.0
2024-09-14 22:32:05,793 - INFO - HTTP Request: GET http://testserver/products "HTTP/1.1 307 Temporary Redirect"
2024-09-14 22:32:05,801 - INFO - Starting Request
2024-09-14 22:32:05,868 - INFO - Ended Request. Process time: 0.06607747077941895
2024-09-14 22:32:05,868 - INFO - HTTP Request: GET http://testserver/products/ "HTTP/1.1 200 OK"
2024-09-14 22:32:06,322 - INFO - Starting Request
2024-09-14 22:32:06,323 - INFO - Ended Request. Process time: 0.0
2024-09-14 22:32:06,324 - INFO - HTTP Request: POST http://testserver/products "HTTP/1.1 307 Temporary Redirect"
2024-09-14 22:32:06,328 - INFO - Starting Request
2024-09-14 22:32:06,336 - INFO - Ended Request. Process time: 0.0076732635498046875
2024-09-14 22:32:06,338 - INFO - HTTP Request: POST http://testserver/products/ "HTTP/1.1 201 Created"
2024-09-14 22:32:32,352 - INFO - Starting App
2024-09-14 22:32:32,410 - INFO - Starting Request
2024-09-14 22:32:32,410 - INFO - Ended Request. Process time: 0.0
2024-09-14 22:32:32,428 - INFO - HTTP Request: GET http://testserver/products "HTTP/1.1 307 Temporary Redirect"
2024-09-14 22:32:32,431 - INFO - Starting Request
2024-09-14 22:32:32,434 - INFO - Ended Request. Process time: 0.002992868423461914
2024-09-14 22:32:32,436 - INFO - HTTP Request: GET http://testserver/products/ "HTTP/1.1 200 OK"
2024-09-14 22:32:32,445 - INFO - Starting Request
2024-09-14 22:32:32,447 - INFO - Ended Request. Process time: 0.0009975433349609375
2024-09-14 22:32:32,449 - INFO - HTTP Request: POST http://testserver/products "HTTP/1.1 307 Temporary Redirect"
2024-09-14 22:32:32,455 - INFO - Starting Request
2024-09-14 22:32:32,462 - INFO - Ended Request. Process time: 0.007008552551269531
2024-09-14 22:32:32,464 - INFO - HTTP Request: POST http://testserver/products/ "HTTP/1.1 201 Created"
2024-09-14 22:35:38,378 - INFO - Starting App
2024-09-14 22:35:38,425 - INFO - Starting Request
2024-09-14 22:35:38,425 - INFO - Ended Request. Process time: 0.0
2024-09-14 22:35:38,438 - INFO - HTTP Request: GET http://testserver/products "HTTP/1.1 307 Temporary Redirect"
2024-09-14 22:35:38,443 - INFO - Starting Request
2024-09-14 22:35:38,443 - INFO - Ended Request. Process time: 0.0
2024-09-14 22:35:38,454 - INFO - HTTP Request: GET http://testserver/products/ "HTTP/1.1 200 OK"
2024-09-14 22:35:38,454 - INFO - Starting Request
2024-09-14 22:35:38,454 - INFO - Ended Request. Process time: 0.0
2024-09-14 22:35:38,454 - INFO - HTTP Request: POST http://testserver/products "HTTP/1.1 307 Temporary Redirect"
2024-09-14 22:35:38,477 - INFO - Starting Request
2024-09-14 22:35:38,487 - INFO - Ended Request. Process time: 0.007915496826171875
2024-09-14 22:35:38,487 - INFO - HTTP Request: POST http://testserver/products/ "HTTP/1.1 201 Created"
2024-09-14 22:36:17,414 - INFO - Starting App
2024-09-14 22:36:17,467 - INFO - Starting Request
2024-09-14 22:36:17,467 - INFO - Ended Request. Process time: 0.0
2024-09-14 22:36:17,467 - INFO - HTTP Request: GET http://testserver/products "HTTP/1.1 307 Temporary Redirect"
2024-09-14 22:36:17,467 - INFO - Starting Request
2024-09-14 22:36:17,482 - INFO - Ended Request. Process time: 0.015622615814208984
2024-09-14 22:36:17,485 - INFO - HTTP Request: GET http://testserver/products/ "HTTP/1.1 200 OK"
2024-09-14 22:36:17,490 - INFO - Starting Request
2024-09-14 22:36:17,491 - INFO - Ended Request. Process time: 0.0
2024-09-14 22:36:17,493 - INFO - HTTP Request: POST http://testserver/products "HTTP/1.1 307 Temporary Redirect"
2024-09-14 22:36:17,495 - INFO - Starting Request
2024-09-14 22:36:17,501 - INFO - Ended Request. Process time: 0.005011320114135742
2024-09-14 22:36:17,503 - INFO - HTTP Request: POST http://testserver/products/ "HTTP/1.1 201 Created"
2024-09-14 22:36:36,814 - INFO - Starting App
2024-09-14 22:36:36,899 - INFO - Starting Request
2024-09-14 22:36:36,899 - INFO - Ended Request. Process time: 0.0
2024-09-14 22:36:36,899 - INFO - HTTP Request: GET http://testserver/products "HTTP/1.1 307 Temporary Redirect"
2024-09-14 22:36:36,914 - INFO - Starting Request
2024-09-14 22:36:36,916 - INFO - Ended Request. Process time: 0.0020432472229003906
2024-09-14 22:36:36,918 - INFO - HTTP Request: GET http://testserver/products/ "HTTP/1.1 200 OK"
2024-09-14 22:36:36,925 - INFO - Starting Request
2024-09-14 22:36:36,926 - INFO - Ended Request. Process time: 0.0
2024-09-14 22:36:36,929 - INFO - HTTP Request: POST http://testserver/products "HTTP/1.1 307 Temporary Redirect"
2024-09-14 22:36:37,017 - INFO - Starting Request
2024-09-14 22:36:37,065 - INFO - Ended Request. Process time: 0.04781842231750488
2024-09-14 22:36:37,067 - INFO - HTTP Request: POST http://testserver/products/ "HTTP/1.1 201 Created"
2024-09-14 22:36:46,589 - INFO - Starting App
2024-09-14 22:36:46,629 - INFO - Starting Request
2024-09-14 22:36:46,638 - INFO - Ended Request. Process time: 0.00890803337097168
2024-09-14 22:36:46,641 - INFO - HTTP Request: GET http://testserver/products "HTTP/1.1 307 Temporary Redirect"
2024-09-14 22:36:46,645 - INFO - Starting Request
2024-09-14 22:36:46,647 - INFO - Ended Request. Process time: 0.0020008087158203125
2024-09-14 22:36:46,647 - INFO - HTTP Request: GET http://testserver/products/ "HTTP/1.1 200 OK"
2024-09-14 22:36:46,656 - INFO - Starting Request
2024-09-14 22:36:46,657 - INFO - Ended Request. Process time: 0.000988006591796875
2024-09-14 22:36:46,659 - INFO - HTTP Request: POST http://testserver/products "HTTP/1.1 307 Temporary Redirect"
2024-09-14 22:36:46,662 - INFO - Starting Request
2024-09-14 22:36:46,668 - INFO - Ended Request. Process time: 0.006547451019287109
2024-09-14 22:36:46,671 - INFO - HTTP Request: POST http://testserver/products/ "HTTP/1.1 201 Created"
2024-09-14 22:37:07,674 - INFO - Starting App
2024-09-14 22:37:07,752 - INFO - Starting Request
2024-09-14 22:37:07,753 - INFO - Ended Request. Process time: 0.0018849372863769531
2024-09-14 22:37:07,753 - INFO - HTTP Request: GET http://testserver/products "HTTP/1.1 307 Temporary Redirect"
2024-09-14 22:37:07,753 - INFO - Starting Request
2024-09-14 22:37:07,753 - INFO - Ended Request. Process time: 0.0
2024-09-14 22:37:07,770 - INFO - HTTP Request: GET http://testserver/products/ "HTTP/1.1 200 OK"
2024-09-14 22:37:07,779 - INFO - Starting Request
2024-09-14 22:37:07,780 - INFO - Ended Request. Process time: 0.0009970664978027344
2024-09-14 22:37:07,782 - INFO - HTTP Request: POST http://testserver/products "HTTP/1.1 307 Temporary Redirect"
2024-09-14 22:37:07,789 - INFO - Starting Request
2024-09-14 22:37:07,795 - INFO - Ended Request. Process time: 0.005984783172607422
2024-09-14 22:37:07,797 - INFO - HTTP Request: POST http://testserver/products/ "HTTP/1.1 201 Created"
2024-09-14 22:44:09,760 - INFO - Starting App
2024-09-14 22:44:09,908 - INFO - Starting Request
2024-09-14 22:44:09,908 - INFO - Ended Request. Process time: 0.0
2024-09-14 22:44:09,908 - INFO - HTTP Request: GET http://testserver/products "HTTP/1.1 307 Temporary Redirect"
2024-09-14 22:44:09,937 - INFO - Starting Request
2024-09-14 22:44:09,954 - INFO - Ended Request. Process time: 0.01692938804626465
2024-09-14 22:44:09,956 - INFO - HTTP Request: GET http://testserver/products/ "HTTP/1.1 200 OK"
2024-09-14 22:44:10,037 - INFO - Starting Request
2024-09-14 22:44:10,038 - INFO - Ended Request. Process time: 0.0009984970092773438
2024-09-14 22:44:10,042 - INFO - HTTP Request: POST http://testserver/products "HTTP/1.1 307 Temporary Redirect"
2024-09-14 22:44:10,043 - INFO - Starting Request
2024-09-14 22:44:10,058 - INFO - Ended Request. Process time: 0.01478886604309082
2024-09-14 22:44:10,058 - INFO - HTTP Request: POST http://testserver/products/ "HTTP/1.1 201 Created"
2024-09-14 22:44:10,084 - INFO - Starting Request
2024-09-14 22:44:10,094 - INFO - Ended Request. Process time: 0.009759902954101562
2024-09-14 22:44:10,098 - INFO - HTTP Request: PUT http://testserver/products/3 "HTTP/1.1 200 OK"
2024-09-14 22:44:10,488 - INFO - Starting Request
2024-09-14 22:44:10,509 - INFO - Ended Request. Process time: 0.02041149139404297
2024-09-14 22:44:10,511 - INFO - HTTP Request: PUT http://testserver/products/6 "HTTP/1.1 404 Not Found"
2024-09-14 22:44:42,929 - INFO - Starting App
2024-09-14 22:44:42,978 - INFO - Starting Request
2024-09-14 22:44:42,978 - INFO - Ended Request. Process time: 0.0
2024-09-14 22:44:42,978 - INFO - HTTP Request: GET http://testserver/products "HTTP/1.1 307 Temporary Redirect"
2024-09-14 22:44:42,993 - INFO - Starting Request
2024-09-14 22:44:42,995 - INFO - Ended Request. Process time: 0.0009980201721191406
2024-09-14 22:44:42,998 - INFO - HTTP Request: GET http://testserver/products/ "HTTP/1.1 200 OK"
2024-09-14 22:44:43,003 - INFO - Starting Request
2024-09-14 22:44:43,004 - INFO - Ended Request. Process time: 0.0009951591491699219
2024-09-14 22:44:43,005 - INFO - HTTP Request: POST http://testserver/products "HTTP/1.1 307 Temporary Redirect"
2024-09-14 22:44:43,009 - INFO - Starting Request
2024-09-14 22:44:43,015 - INFO - Ended Request. Process time: 0.00598454475402832
2024-09-14 22:44:43,017 - INFO - HTTP Request: POST http://testserver/products/ "HTTP/1.1 201 Created"
2024-09-14 22:44:43,026 - INFO - Starting Request
2024-09-14 22:44:43,026 - INFO - Ended Request. Process time: 0.0
2024-09-14 22:44:43,026 - INFO - HTTP Request: PUT http://testserver/products/3 "HTTP/1.1 200 OK"
2024-09-14 22:44:43,346 - INFO - Starting Request
2024-09-14 22:44:43,346 - INFO - Ended Request. Process time: 0.0
2024-09-14 22:44:43,363 - INFO - HTTP Request: PUT http://testserver/products/6 "HTTP/1.1 404 Not Found"
2024-09-14 22:46:24,132 - INFO - Starting App
2024-09-14 22:46:24,199 - INFO - Starting Request
2024-09-14 22:46:24,199 - INFO - Ended Request. Process time: 0.0
2024-09-14 22:46:24,199 - INFO - HTTP Request: GET http://testserver/products "HTTP/1.1 307 Temporary Redirect"
2024-09-14 22:46:24,199 - INFO - Starting Request
2024-09-14 22:46:24,218 - INFO - Ended Request. Process time: 0.019178152084350586
2024-09-14 22:46:24,221 - INFO - HTTP Request: GET http://testserver/products/ "HTTP/1.1 200 OK"
2024-09-14 22:46:24,222 - INFO - Starting Request
2024-09-14 22:46:24,222 - INFO - Ended Request. Process time: 0.0
2024-09-14 22:46:24,222 - INFO - HTTP Request: POST http://testserver/products "HTTP/1.1 307 Temporary Redirect"
2024-09-14 22:46:24,234 - INFO - Starting Request
2024-09-14 22:46:24,241 - INFO - Ended Request. Process time: 0.005830287933349609
2024-09-14 22:46:24,243 - INFO - HTTP Request: POST http://testserver/products/ "HTTP/1.1 201 Created"
2024-09-14 22:46:24,251 - INFO - Starting Request
2024-09-14 22:46:24,254 - INFO - Ended Request. Process time: 0.001993417739868164
2024-09-14 22:46:24,256 - INFO - HTTP Request: PUT http://testserver/products/3 "HTTP/1.1 200 OK"
2024-09-14 22:46:24,699 - INFO - Starting Request
2024-09-14 22:46:24,705 - INFO - Ended Request. Process time: 0.0049855709075927734
2024-09-14 22:46:24,707 - INFO - HTTP Request: PUT http://testserver/products/6 "HTTP/1.1 404 Not Found"
2024-09-14 22:46:40,492 - INFO - Starting App
2024-09-14 22:46:40,542 - INFO - Starting Request
2024-09-14 22:46:40,542 - INFO - Ended Request. Process time: 0.0
2024-09-14 22:46:40,542 - INFO - HTTP Request: GET http://testserver/products "HTTP/1.1 307 Temporary Redirect"
2024-09-14 22:46:40,552 - INFO - Starting Request
2024-09-14 22:46:40,553 - INFO - Ended Request. Process time: 0.0009984970092773438
2024-09-14 22:46:40,555 - INFO - HTTP Request: GET http://testserver/products/ "HTTP/1.1 200 OK"
2024-09-14 22:46:40,558 - INFO - Starting Request
2024-09-14 22:46:40,558 - INFO - Ended Request. Process time: 0.0
2024-09-14 22:46:40,567 - INFO - HTTP Request: POST http://testserver/products "HTTP/1.1 307 Temporary Redirect"
2024-09-14 22:46:40,571 - INFO - Starting Request
2024-09-14 22:46:40,574 - INFO - Ended Request. Process time: 0.0030133724212646484
2024-09-14 22:46:40,575 - INFO - HTTP Request: POST http://testserver/products/ "HTTP/1.1 201 Created"
2024-09-14 22:46:40,583 - INFO - Starting Request
2024-09-14 22:46:40,587 - INFO - Ended Request. Process time: 0.003986358642578125
2024-09-14 22:46:40,589 - INFO - HTTP Request: PUT http://testserver/products/3 "HTTP/1.1 200 OK"
2024-09-14 22:46:40,839 - INFO - Starting Request
2024-09-14 22:46:40,839 - INFO - Ended Request. Process time: 0.0
2024-09-14 22:46:40,839 - INFO - HTTP Request: PUT http://testserver/products/6 "HTTP/1.1 404 Not Found"
2024-09-14 22:47:29,686 - INFO - Starting App
2024-09-14 22:47:29,754 - INFO - Starting Request
2024-09-14 22:47:29,754 - INFO - Ended Request. Process time: 0.0
2024-09-14 22:47:29,754 - INFO - HTTP Request: GET http://testserver/products "HTTP/1.1 307 Temporary Redirect"
2024-09-14 22:47:29,770 - INFO - Starting Request
2024-09-14 22:47:29,771 - INFO - Ended Request. Process time: 0.0
2024-09-14 22:47:29,771 - INFO - HTTP Request: GET http://testserver/products/ "HTTP/1.1 200 OK"
2024-09-14 22:47:29,771 - INFO - Starting Request
2024-09-14 22:47:29,771 - INFO - Ended Request. Process time: 0.0
2024-09-14 22:47:29,786 - INFO - HTTP Request: POST http://testserver/products "HTTP/1.1 307 Temporary Redirect"
2024-09-14 22:47:29,791 - INFO - Starting Request
2024-09-14 22:47:29,794 - INFO - Ended Request. Process time: 0.0029900074005126953
2024-09-14 22:47:29,794 - INFO - HTTP Request: POST http://testserver/products/ "HTTP/1.1 201 Created"
2024-09-14 22:47:29,805 - INFO - Starting Request
2024-09-14 22:47:29,813 - INFO - Ended Request. Process time: 0.008335590362548828
2024-09-14 22:47:29,815 - INFO - HTTP Request: PUT http://testserver/products/3 "HTTP/1.1 200 OK"
2024-09-14 22:47:30,250 - INFO - Starting Request
2024-09-14 22:47:30,269 - INFO - Ended Request. Process time: 0.019855022430419922
2024-09-14 22:47:30,271 - INFO - HTTP Request: PUT http://testserver/products/6 "HTTP/1.1 404 Not Found"
2024-09-14 22:48:58,926 - INFO - Starting App
2024-09-14 22:48:58,977 - INFO - Starting Request
2024-09-14 22:48:58,977 - INFO - Ended Request. Process time: 0.0
2024-09-14 22:48:58,987 - INFO - HTTP Request: GET http://testserver/products "HTTP/1.1 307 Temporary Redirect"
2024-09-14 22:48:58,989 - INFO - Starting Request
2024-09-14 22:48:58,989 - INFO - Ended Request. Process time: 0.0
2024-09-14 22:48:58,989 - INFO - HTTP Request: GET http://testserver/products/ "HTTP/1.1 200 OK"
2024-09-14 22:48:58,989 - INFO - Starting Request
2024-09-14 22:48:58,989 - INFO - Ended Request. Process time: 0.0
2024-09-14 22:48:58,989 - INFO - HTTP Request: POST http://testserver/products "HTTP/1.1 307 Temporary Redirect"
2024-09-14 22:48:59,006 - INFO - Starting Request
2024-09-14 22:48:59,010 - INFO - Ended Request. Process time: 0.0039899349212646484
2024-09-14 22:48:59,012 - INFO - HTTP Request: POST http://testserver/products/ "HTTP/1.1 201 Created"
2024-09-14 22:48:59,017 - INFO - Starting Request
2024-09-14 22:48:59,021 - INFO - Ended Request. Process time: 0.004251956939697266
2024-09-14 22:48:59,023 - INFO - HTTP Request: PUT http://testserver/products/3 "HTTP/1.1 200 OK"
2024-09-14 22:48:59,028 - INFO - Starting Request
2024-09-14 22:48:59,031 - INFO - Ended Request. Process time: 0.0029947757720947266
2024-09-14 22:48:59,032 - INFO - HTTP Request: PUT http://testserver/products/6 "HTTP/1.1 404 Not Found"
2024-09-14 22:49:25,713 - INFO - Starting App
2024-09-14 22:49:25,785 - INFO - Starting Request
2024-09-14 22:49:25,796 - INFO - Ended Request. Process time: 0.0009984970092773438
2024-09-14 22:49:25,799 - INFO - HTTP Request: GET http://testserver/products "HTTP/1.1 307 Temporary Redirect"
2024-09-14 22:49:25,835 - INFO - Starting Request
2024-09-14 22:49:25,837 - INFO - Ended Request. Process time: 0.0019953250885009766
2024-09-14 22:49:25,841 - INFO - HTTP Request: GET http://testserver/products/ "HTTP/1.1 200 OK"
2024-09-14 22:49:25,846 - INFO - Starting Request
2024-09-14 22:49:25,846 - INFO - Ended Request. Process time: 0.0
2024-09-14 22:49:25,846 - INFO - HTTP Request: POST http://testserver/products "HTTP/1.1 307 Temporary Redirect"
2024-09-14 22:49:25,862 - INFO - Starting Request
2024-09-14 22:49:25,879 - INFO - Ended Request. Process time: 0.01771378517150879
2024-09-14 22:49:25,879 - INFO - HTTP Request: POST http://testserver/products/ "HTTP/1.1 201 Created"
2024-09-14 22:49:25,906 - INFO - Starting Request
2024-09-14 22:49:25,909 - INFO - Ended Request. Process time: 0.003989696502685547
2024-09-14 22:49:25,911 - INFO - HTTP Request: PUT http://testserver/products/3 "HTTP/1.1 200 OK"
2024-09-14 22:49:25,921 - INFO - Starting Request
2024-09-14 22:49:25,926 - INFO - Ended Request. Process time: 0.003988742828369141
2024-09-14 22:49:25,928 - INFO - HTTP Request: PUT http://testserver/products/3 "HTTP/1.1 200 OK"
2024-09-14 22:50:13,099 - INFO - Starting App
2024-09-14 22:50:13,167 - INFO - Starting Request
2024-09-14 22:50:13,168 - INFO - Ended Request. Process time: 0.0
2024-09-14 22:50:13,168 - INFO - HTTP Request: GET http://testserver/products "HTTP/1.1 307 Temporary Redirect"
2024-09-14 22:50:13,168 - INFO - Starting Request
2024-09-14 22:50:13,168 - INFO - Ended Request. Process time: 0.0
2024-09-14 22:50:13,168 - INFO - HTTP Request: GET http://testserver/products/ "HTTP/1.1 200 OK"
2024-09-14 22:50:13,184 - INFO - Starting Request
2024-09-14 22:50:13,184 - INFO - Ended Request. Process time: 0.0
2024-09-14 22:50:13,184 - INFO - HTTP Request: POST http://testserver/products "HTTP/1.1 307 Temporary Redirect"
2024-09-14 22:50:13,184 - INFO - Starting Request
2024-09-14 22:50:13,202 - INFO - Ended Request. Process time: 0.017966032028198242
2024-09-14 22:50:13,205 - INFO - HTTP Request: POST http://testserver/products/ "HTTP/1.1 201 Created"
2024-09-14 22:50:13,216 - INFO - Starting Request
2024-09-14 22:50:13,222 - INFO - Ended Request. Process time: 0.006875514984130859
2024-09-14 22:50:13,225 - INFO - HTTP Request: PUT http://testserver/products/3 "HTTP/1.1 200 OK"
2024-09-14 22:50:13,226 - INFO - Starting Request
2024-09-14 22:50:13,240 - INFO - Ended Request. Process time: 0.01318669319152832
2024-09-14 22:50:13,243 - INFO - HTTP Request: PUT http://testserver/products/9 "HTTP/1.1 404 Not Found"
2024-09-14 22:51:33,000 - INFO - Starting App
2024-09-14 22:51:33,093 - INFO - Starting Request
2024-09-14 22:51:33,093 - INFO - Ended Request. Process time: 0.0
2024-09-14 22:51:33,110 - INFO - HTTP Request: GET http://testserver/products "HTTP/1.1 307 Temporary Redirect"
2024-09-14 22:51:33,110 - INFO - Starting Request
2024-09-14 22:51:33,110 - INFO - Ended Request. Process time: 0.0
2024-09-14 22:51:33,110 - INFO - HTTP Request: GET http://testserver/products/ "HTTP/1.1 200 OK"
2024-09-14 22:51:33,126 - INFO - Starting Request
2024-09-14 22:51:33,126 - INFO - Ended Request. Process time: 0.0
2024-09-14 22:51:33,126 - INFO - HTTP Request: POST http://testserver/products "HTTP/1.1 307 Temporary Redirect"
2024-09-14 22:51:33,126 - INFO - Starting Request
2024-09-14 22:51:33,172 - INFO - Ended Request. Process time: 0.04517674446105957
2024-09-14 22:51:33,177 - INFO - HTTP Request: POST http://testserver/products/ "HTTP/1.1 201 Created"
2024-09-14 22:51:33,177 - INFO - Starting Request
2024-09-14 22:51:33,199 - INFO - Ended Request. Process time: 0.022200584411621094
2024-09-14 22:51:33,202 - INFO - HTTP Request: PUT http://testserver/products/3 "HTTP/1.1 200 OK"
2024-09-14 22:51:33,210 - INFO - Starting Request
2024-09-14 22:51:33,219 - INFO - Ended Request. Process time: 0.00868844985961914
2024-09-14 22:51:33,221 - INFO - HTTP Request: PUT http://testserver/products/9 "HTTP/1.1 404 Not Found"
2024-09-14 22:51:41,817 - INFO - Starting App
2024-09-14 22:51:41,869 - INFO - Starting Request
2024-09-14 22:51:41,869 - INFO - Ended Request. Process time: 0.0
2024-09-14 22:51:41,869 - INFO - HTTP Request: GET http://testserver/products "HTTP/1.1 307 Temporary Redirect"
2024-09-14 22:51:41,869 - INFO - Starting Request
2024-09-14 22:51:41,869 - INFO - Ended Request. Process time: 0.0
2024-09-14 22:51:41,884 - INFO - HTTP Request: GET http://testserver/products/ "HTTP/1.1 200 OK"
2024-09-14 22:51:41,890 - INFO - Starting Request
2024-09-14 22:51:41,891 - INFO - Ended Request. Process time: 0.0
2024-09-14 22:51:41,893 - INFO - HTTP Request: POST http://testserver/products "HTTP/1.1 307 Temporary Redirect"
2024-09-14 22:51:41,896 - INFO - Starting Request
2024-09-14 22:51:41,899 - INFO - Ended Request. Process time: 0.0029952526092529297
2024-09-14 22:51:41,902 - INFO - HTTP Request: POST http://testserver/products/ "HTTP/1.1 201 Created"
2024-09-14 22:51:41,912 - INFO - Starting Request
2024-09-14 22:51:41,915 - INFO - Ended Request. Process time: 0.0027077198028564453
2024-09-14 22:51:41,917 - INFO - HTTP Request: PUT http://testserver/products/3 "HTTP/1.1 200 OK"
2024-09-14 22:51:41,918 - INFO - Starting Request
2024-09-14 22:51:41,918 - INFO - Ended Request. Process time: 0.0
2024-09-14 22:51:41,918 - INFO - HTTP Request: PUT http://testserver/products/9 "HTTP/1.1 404 Not Found"
2024-09-14 22:52:42,742 - INFO - Starting App
2024-09-14 22:52:42,866 - INFO - Starting Request
2024-09-14 22:52:42,867 - INFO - Ended Request. Process time: 0.000997304916381836
2024-09-14 22:52:42,871 - INFO - HTTP Request: GET http://testserver/customers "HTTP/1.1 307 Temporary Redirect"
2024-09-14 22:52:42,871 - INFO - Starting Request
2024-09-14 22:52:42,879 - INFO - Ended Request. Process time: 0.0020074844360351562
2024-09-14 22:52:42,879 - INFO - HTTP Request: GET http://testserver/customers/ "HTTP/1.1 200 OK"
2024-09-14 22:52:42,879 - INFO - Starting Request
2024-09-14 22:52:42,879 - INFO - Ended Request. Process time: 0.0
2024-09-14 22:52:42,879 - INFO - HTTP Request: POST http://testserver/customers "HTTP/1.1 307 Temporary Redirect"
2024-09-14 22:52:42,896 - INFO - Starting Request
2024-09-14 22:52:42,901 - INFO - Ended Request. Process time: 0.0039882659912109375
2024-09-14 22:52:42,903 - INFO - HTTP Request: POST http://testserver/customers/ "HTTP/1.1 201 Created"
2024-09-14 22:52:42,912 - INFO - Starting Request
2024-09-14 22:52:42,919 - INFO - Ended Request. Process time: 0.006294727325439453
2024-09-14 22:52:42,920 - INFO - HTTP Request: PUT http://testserver/customers/1 "HTTP/1.1 200 OK"
2024-09-14 22:52:42,928 - INFO - Starting Request
2024-09-14 22:52:42,930 - INFO - Ended Request. Process time: 0.0009908676147460938
2024-09-14 22:52:42,932 - INFO - HTTP Request: GET http://testserver/products "HTTP/1.1 307 Temporary Redirect"
2024-09-14 22:52:42,947 - INFO - Starting Request
2024-09-14 22:52:42,952 - INFO - Ended Request. Process time: 0.0049877166748046875
2024-09-14 22:52:42,955 - INFO - HTTP Request: GET http://testserver/products/ "HTTP/1.1 200 OK"
2024-09-14 22:52:42,967 - INFO - Starting Request
2024-09-14 22:52:42,968 - INFO - Ended Request. Process time: 0.000997304916381836
2024-09-14 22:52:42,969 - INFO - HTTP Request: POST http://testserver/products "HTTP/1.1 307 Temporary Redirect"
2024-09-14 22:52:42,969 - INFO - Starting Request
2024-09-14 22:52:42,979 - INFO - Ended Request. Process time: 0.009398221969604492
2024-09-14 22:52:42,982 - INFO - HTTP Request: POST http://testserver/products/ "HTTP/1.1 201 Created"
2024-09-14 22:52:42,989 - INFO - Starting Request
2024-09-14 22:52:43,017 - INFO - Ended Request. Process time: 0.0284883975982666
2024-09-14 22:52:43,019 - INFO - HTTP Request: PUT http://testserver/products/3 "HTTP/1.1 200 OK"
2024-09-14 22:52:43,029 - INFO - Starting Request
2024-09-14 22:52:43,034 - INFO - Ended Request. Process time: 0.004450798034667969
2024-09-14 22:52:43,036 - INFO - HTTP Request: PUT http://testserver/products/9 "HTTP/1.1 404 Not Found"
2024-09-14 22:56:26,049 - INFO - Starting App
2024-09-14 22:56:26,152 - INFO - Starting Request
2024-09-14 22:56:26,152 - INFO - Ended Request. Process time: 0.0
2024-09-14 22:56:26,152 - INFO - HTTP Request: GET http://testserver/orders "HTTP/1.1 307 Temporary Redirect"
2024-09-14 22:56:26,169 - INFO - Starting Request
2024-09-14 22:56:26,169 - INFO - Ended Request. Process time: 0.0
2024-09-14 22:56:26,169 - INFO - HTTP Request: GET http://testserver/orders/ "HTTP/1.1 200 OK"
2024-09-14 22:56:53,075 - INFO - Starting App
2024-09-14 22:56:53,110 - INFO - Starting Request
2024-09-14 22:56:53,110 - INFO - Ended Request. Process time: 0.0
2024-09-14 22:56:53,110 - INFO - HTTP Request: GET http://testserver/orders "HTTP/1.1 307 Temporary Redirect"
2024-09-14 22:56:53,110 - INFO - Starting Request
2024-09-14 22:56:53,126 - INFO - Ended Request. Process time: 0.01613640785217285
2024-09-14 22:56:53,129 - INFO - HTTP Request: GET http://testserver/orders/ "HTTP/1.1 200 OK"
2024-09-14 22:57:22,338 - INFO - Starting App
2024-09-14 22:57:22,392 - INFO - Starting Request
2024-09-14 22:57:22,399 - INFO - Ended Request. Process time: 0.0065195560455322266
2024-09-14 22:57:22,402 - INFO - HTTP Request: GET http://testserver/orders "HTTP/1.1 307 Temporary Redirect"
2024-09-14 22:57:22,405 - INFO - Starting Request
2024-09-14 22:57:22,406 - INFO - Ended Request. Process time: 0.000997781753540039
2024-09-14 22:57:22,408 - INFO - HTTP Request: GET http://testserver/orders/ "HTTP/1.1 200 OK"
2024-09-14 22:59:03,649 - INFO - Starting App
2024-09-14 22:59:03,705 - INFO - Starting Request
2024-09-14 22:59:03,705 - INFO - Ended Request. Process time: 0.0
2024-09-14 22:59:03,721 - INFO - HTTP Request: GET http://testserver/orders "HTTP/1.1 307 Temporary Redirect"
2024-09-14 22:59:03,722 - INFO - Starting Request
2024-09-14 22:59:03,722 - INFO - Ended Request. Process time: 0.0
2024-09-14 22:59:03,722 - INFO - HTTP Request: GET http://testserver/orders/ "HTTP/1.1 200 OK"
2024-09-14 23:04:14,051 - INFO - Starting App
2024-09-14 23:04:14,168 - INFO - Starting Request
2024-09-14 23:04:14,170 - INFO - Ended Request. Process time: 0.0009963512420654297
2024-09-14 23:04:14,173 - INFO - HTTP Request: POST http://testserver/orders "HTTP/1.1 307 Temporary Redirect"
2024-09-14 23:04:14,177 - INFO - Starting Request
2024-09-14 23:04:14,182 - INFO - Ended Request. Process time: 0.004929065704345703
2024-09-14 23:04:14,185 - INFO - HTTP Request: POST http://testserver/orders/ "HTTP/1.1 201 Created"
2024-09-14 23:05:21,065 - INFO - Starting App
2024-09-14 23:05:21,112 - INFO - Starting Request
2024-09-14 23:05:21,112 - INFO - Ended Request. Process time: 0.0
2024-09-14 23:05:21,118 - INFO - HTTP Request: POST http://testserver/orders "HTTP/1.1 307 Temporary Redirect"
2024-09-14 23:05:21,118 - INFO - Starting Request
2024-09-14 23:05:21,118 - INFO - Ended Request. Process time: 0.0
2024-09-14 23:05:21,118 - INFO - HTTP Request: POST http://testserver/orders/ "HTTP/1.1 201 Created"
2024-09-14 23:05:36,719 - INFO - Starting App
2024-09-14 23:05:36,784 - INFO - Starting Request
2024-09-14 23:05:36,785 - INFO - Ended Request. Process time: 0.0
2024-09-14 23:05:36,787 - INFO - HTTP Request: GET http://testserver/orders "HTTP/1.1 307 Temporary Redirect"
2024-09-14 23:05:36,787 - INFO - Starting Request
2024-09-14 23:05:36,787 - INFO - Ended Request. Process time: 0.0
2024-09-14 23:05:36,787 - INFO - HTTP Request: GET http://testserver/orders/ "HTTP/1.1 200 OK"
2024-09-14 23:05:36,804 - INFO - Starting Request
2024-09-14 23:05:36,804 - INFO - Ended Request. Process time: 0.0
2024-09-14 23:05:36,804 - INFO - HTTP Request: POST http://testserver/orders "HTTP/1.1 307 Temporary Redirect"
2024-09-14 23:05:36,804 - INFO - Starting Request
2024-09-14 23:05:36,804 - INFO - Ended Request. Process time: 0.0
2024-09-14 23:05:36,804 - INFO - HTTP Request: POST http://testserver/orders/ "HTTP/1.1 201 Created"
2024-09-14 23:06:40,897 - INFO - Starting App
2024-09-14 23:06:40,999 - INFO - Starting Request
2024-09-14 23:06:40,999 - INFO - Ended Request. Process time: 0.0
2024-09-14 23:06:40,999 - INFO - HTTP Request: GET http://testserver/customers "HTTP/1.1 307 Temporary Redirect"
2024-09-14 23:06:41,011 - INFO - Starting Request
2024-09-14 23:06:41,015 - INFO - Ended Request. Process time: 0.0019936561584472656
2024-09-14 23:06:41,018 - INFO - HTTP Request: GET http://testserver/customers/ "HTTP/1.1 200 OK"
2024-09-14 23:06:41,019 - INFO - Starting Request
2024-09-14 23:06:41,019 - INFO - Ended Request. Process time: 0.0
2024-09-14 23:06:41,027 - INFO - HTTP Request: POST http://testserver/customers "HTTP/1.1 307 Temporary Redirect"
2024-09-14 23:06:41,031 - INFO - Starting Request
2024-09-14 23:06:41,038 - INFO - Ended Request. Process time: 0.006585597991943359
2024-09-14 23:06:41,038 - INFO - HTTP Request: POST http://testserver/customers/ "HTTP/1.1 201 Created"
2024-09-14 23:06:41,053 - INFO - Starting Request
2024-09-14 23:06:41,058 - INFO - Ended Request. Process time: 0.004988670349121094
2024-09-14 23:06:41,062 - INFO - HTTP Request: PUT http://testserver/customers/1 "HTTP/1.1 200 OK"
2024-09-14 23:06:41,069 - INFO - Starting Request
2024-09-14 23:06:41,069 - INFO - Ended Request. Process time: 0.0
2024-09-14 23:06:41,069 - INFO - HTTP Request: GET http://testserver/orders "HTTP/1.1 307 Temporary Redirect"
2024-09-14 23:06:41,077 - INFO - Starting Request
2024-09-14 23:06:41,080 - INFO - Ended Request. Process time: 0.00299072265625
2024-09-14 23:06:41,082 - INFO - HTTP Request: GET http://testserver/orders/ "HTTP/1.1 200 OK"
2024-09-14 23:06:41,093 - INFO - Starting Request
2024-09-14 23:06:41,093 - INFO - Ended Request. Process time: 0.0
2024-09-14 23:06:41,096 - INFO - HTTP Request: POST http://testserver/orders "HTTP/1.1 307 Temporary Redirect"
2024-09-14 23:06:41,099 - INFO - Starting Request
2024-09-14 23:06:41,100 - INFO - Ended Request. Process time: 0.0015225410461425781
2024-09-14 23:06:41,100 - INFO - HTTP Request: POST http://testserver/orders/ "HTTP/1.1 201 Created"
2024-09-14 23:06:41,113 - INFO - Starting Request
2024-09-14 23:06:41,114 - INFO - Ended Request. Process time: 0.0009989738464355469
2024-09-14 23:06:41,116 - INFO - HTTP Request: GET http://testserver/products "HTTP/1.1 307 Temporary Redirect"
2024-09-14 23:06:41,146 - INFO - Starting Request
2024-09-14 23:06:41,146 - INFO - Ended Request. Process time: 0.0
2024-09-14 23:06:41,146 - INFO - HTTP Request: GET http://testserver/products/ "HTTP/1.1 200 OK"
2024-09-14 23:06:41,166 - INFO - Starting Request
2024-09-14 23:06:41,167 - INFO - Ended Request. Process time: 0.0009932518005371094
2024-09-14 23:06:41,169 - INFO - HTTP Request: POST http://testserver/products "HTTP/1.1 307 Temporary Redirect"
2024-09-14 23:06:41,173 - INFO - Starting Request
2024-09-14 23:06:41,178 - INFO - Ended Request. Process time: 0.004988908767700195
2024-09-14 23:06:41,182 - INFO - HTTP Request: POST http://testserver/products/ "HTTP/1.1 201 Created"
2024-09-14 23:06:41,192 - INFO - Starting Request
2024-09-14 23:06:41,197 - INFO - Ended Request. Process time: 0.0048716068267822266
2024-09-14 23:06:41,200 - INFO - HTTP Request: PUT http://testserver/products/3 "HTTP/1.1 200 OK"
2024-09-14 23:06:41,202 - INFO - Starting Request
2024-09-14 23:06:41,210 - INFO - Ended Request. Process time: 0.007999658584594727
2024-09-14 23:06:41,218 - INFO - HTTP Request: PUT http://testserver/products/9 "HTTP/1.1 404 Not Found"
2024-09-14 23:25:19,609 - INFO - Starting App
2024-09-14 23:25:19,681 - INFO - Starting Request
2024-09-14 23:25:19,681 - INFO - Ended Request. Process time: 0.0
2024-09-14 23:25:19,681 - INFO - HTTP Request: GET http://testserver/customers "HTTP/1.1 307 Temporary Redirect"
2024-09-14 23:25:19,693 - INFO - Starting Request
2024-09-14 23:25:19,698 - INFO - Ended Request. Process time: 0.0020432472229003906
2024-09-14 23:25:19,698 - INFO - HTTP Request: GET http://testserver/customers/ "HTTP/1.1 200 OK"
2024-09-14 23:25:19,698 - INFO - Starting Request
2024-09-14 23:25:19,698 - INFO - Ended Request. Process time: 0.0
2024-09-14 23:25:19,714 - INFO - HTTP Request: POST http://testserver/customers "HTTP/1.1 307 Temporary Redirect"
2024-09-14 23:25:19,719 - INFO - Starting Request
2024-09-14 23:25:19,722 - INFO - Ended Request. Process time: 0.002991914749145508
2024-09-14 23:25:19,722 - INFO - HTTP Request: POST http://testserver/customers/ "HTTP/1.1 201 Created"
2024-09-14 23:25:19,742 - INFO - Starting Request
2024-09-14 23:25:19,747 - INFO - Ended Request. Process time: 0.00399017333984375
2024-09-14 23:25:19,750 - INFO - HTTP Request: PUT http://testserver/customers/1 "HTTP/1.1 200 OK"
2024-09-14 23:25:19,756 - INFO - Starting Request
2024-09-14 23:25:19,756 - INFO - Ended Request. Process time: 0.0
2024-09-14 23:25:19,764 - INFO - HTTP Request: GET http://testserver/orders "HTTP/1.1 307 Temporary Redirect"
2024-09-14 23:25:19,769 - INFO - Starting Request
2024-09-14 23:25:19,771 - INFO - Ended Request. Process time: 0.0019943714141845703
2024-09-14 23:25:19,773 - INFO - HTTP Request: GET http://testserver/orders/ "HTTP/1.1 200 OK"
2024-09-14 23:25:19,786 - INFO - Starting Request
2024-09-14 23:25:19,787 - INFO - Ended Request. Process time: 0.0009989738464355469
2024-09-14 23:25:19,789 - INFO - HTTP Request: POST http://testserver/orders "HTTP/1.1 307 Temporary Redirect"
2024-09-14 23:25:19,796 - INFO - Starting Request
2024-09-14 23:25:19,803 - INFO - Ended Request. Process time: 0.005984067916870117
2024-09-14 23:25:19,807 - INFO - HTTP Request: POST http://testserver/orders/ "HTTP/1.1 201 Created"
2024-09-14 23:25:19,819 - INFO - Starting Request
2024-09-14 23:25:19,820 - INFO - Ended Request. Process time: 0.0
2024-09-14 23:25:19,822 - INFO - HTTP Request: GET http://testserver/products "HTTP/1.1 307 Temporary Redirect"
2024-09-14 23:25:19,823 - INFO - Starting Request
2024-09-14 23:25:19,823 - INFO - Ended Request. Process time: 0.0
2024-09-14 23:25:19,830 - INFO - HTTP Request: GET http://testserver/products/ "HTTP/1.1 200 OK"
2024-09-14 23:25:19,843 - INFO - Starting Request
2024-09-14 23:25:19,844 - INFO - Ended Request. Process time: 0.0
2024-09-14 23:25:19,846 - INFO - HTTP Request: POST http://testserver/products "HTTP/1.1 307 Temporary Redirect"
2024-09-14 23:25:19,851 - INFO - Starting Request
2024-09-14 23:25:19,858 - INFO - Ended Request. Process time: 0.006981372833251953
2024-09-14 23:25:19,863 - INFO - HTTP Request: POST http://testserver/products/ "HTTP/1.1 201 Created"
2024-09-14 23:25:19,874 - INFO - Starting Request
2024-09-14 23:25:19,879 - INFO - Ended Request. Process time: 0.0039882659912109375
2024-09-14 23:25:19,883 - INFO - HTTP Request: PUT http://testserver/products/3 "HTTP/1.1 200 OK"
2024-09-14 23:25:19,889 - INFO - Starting Request
2024-09-14 23:25:19,901 - INFO - Ended Request. Process time: 0.00643467903137207
2024-09-14 23:25:19,904 - INFO - HTTP Request: PUT http://testserver/products/9 "HTTP/1.1 404 Not Found"
2024-09-14 23:25:34,677 - INFO - Starting App
2024-09-14 23:25:34,738 - INFO - Starting Request
2024-09-14 23:25:34,739 - INFO - Ended Request. Process time: 0.0009980201721191406
2024-09-14 23:25:34,743 - INFO - HTTP Request: GET http://testserver/customers "HTTP/1.1 307 Temporary Redirect"
2024-09-14 23:25:34,743 - INFO - Starting Request
2024-09-14 23:25:34,743 - INFO - Ended Request. Process time: 0.0
2024-09-14 23:25:34,751 - INFO - HTTP Request: GET http://testserver/customers/ "HTTP/1.1 200 OK"
2024-09-14 23:25:34,753 - INFO - Starting Request
2024-09-14 23:25:34,753 - INFO - Ended Request. Process time: 0.0
2024-09-14 23:25:34,753 - INFO - HTTP Request: POST http://testserver/customers "HTTP/1.1 307 Temporary Redirect"
2024-09-14 23:25:34,753 - INFO - Starting Request
2024-09-14 23:25:34,753 - INFO - Ended Request. Process time: 0.0
2024-09-14 23:25:34,770 - INFO - HTTP Request: POST http://testserver/customers/ "HTTP/1.1 201 Created"
2024-09-14 23:25:34,962 - INFO - Starting Request
2024-09-14 23:25:34,962 - INFO - Ended Request. Process time: 0.0
2024-09-14 23:25:34,962 - INFO - HTTP Request: PUT http://testserver/customers/1 "HTTP/1.1 200 OK"
2024-09-14 23:25:34,989 - INFO - Starting Request
2024-09-14 23:25:34,990 - INFO - Ended Request. Process time: 0.0
2024-09-14 23:25:34,992 - INFO - HTTP Request: GET http://testserver/orders "HTTP/1.1 307 Temporary Redirect"
2024-09-14 23:25:34,994 - INFO - Starting Request
2024-09-14 23:25:34,994 - INFO - Ended Request. Process time: 0.0
2024-09-14 23:25:34,994 - INFO - HTTP Request: GET http://testserver/orders/ "HTTP/1.1 200 OK"
2024-09-14 23:25:35,000 - INFO - Starting Request
2024-09-14 23:25:35,000 - INFO - Ended Request. Process time: 0.0
2024-09-14 23:25:35,000 - INFO - HTTP Request: POST http://testserver/orders "HTTP/1.1 307 Temporary Redirect"
2024-09-14 23:25:35,000 - INFO - Starting Request
2024-09-14 23:25:35,000 - INFO - Ended Request. Process time: 0.0
2024-09-14 23:25:35,019 - INFO - HTTP Request: POST http://testserver/orders/ "HTTP/1.1 201 Created"
2024-09-14 23:25:35,024 - INFO - Starting Request
2024-09-14 23:25:35,024 - INFO - Ended Request. Process time: 0.0
2024-09-14 23:25:35,024 - INFO - HTTP Request: GET http://testserver/products "HTTP/1.1 307 Temporary Redirect"
2024-09-14 23:25:35,024 - INFO - Starting Request
2024-09-14 23:25:35,024 - INFO - Ended Request. Process time: 0.0
2024-09-14 23:25:35,033 - INFO - HTTP Request: GET http://testserver/products/ "HTTP/1.1 200 OK"
2024-09-14 23:25:35,042 - INFO - Starting Request
2024-09-14 23:25:35,043 - INFO - Ended Request. Process time: 0.0
2024-09-14 23:25:35,044 - INFO - HTTP Request: POST http://testserver/products "HTTP/1.1 307 Temporary Redirect"
2024-09-14 23:25:35,047 - INFO - Starting Request
2024-09-14 23:25:35,050 - INFO - Ended Request. Process time: 0.0026597976684570312
2024-09-14 23:25:35,050 - INFO - HTTP Request: POST http://testserver/products/ "HTTP/1.1 201 Created"
2024-09-14 23:25:35,050 - INFO - Starting Request
2024-09-14 23:25:35,066 - INFO - Ended Request. Process time: 0.0157773494720459
2024-09-14 23:25:35,069 - INFO - HTTP Request: PUT http://testserver/products/3 "HTTP/1.1 200 OK"
2024-09-14 23:25:35,074 - INFO - Starting Request
2024-09-14 23:25:35,075 - INFO - Ended Request. Process time: 0.0009963512420654297
2024-09-14 23:25:35,075 - INFO - HTTP Request: PUT http://testserver/products/9 "HTTP/1.1 404 Not Found"
2024-09-14 23:25:58,205 - INFO - Starting App
2024-09-14 23:25:58,278 - INFO - Starting Request
2024-09-14 23:25:58,295 - INFO - Ended Request. Process time: 0.0
2024-09-14 23:25:58,295 - INFO - HTTP Request: GET http://testserver/customers "HTTP/1.1 307 Temporary Redirect"
2024-09-14 23:25:58,295 - INFO - Starting Request
2024-09-14 23:25:58,295 - INFO - Ended Request. Process time: 0.0
2024-09-14 23:25:58,311 - INFO - HTTP Request: GET http://testserver/customers/ "HTTP/1.1 200 OK"
2024-09-14 23:25:58,311 - INFO - Starting Request
2024-09-14 23:25:58,311 - INFO - Ended Request. Process time: 0.0
2024-09-14 23:25:58,311 - INFO - HTTP Request: POST http://testserver/customers "HTTP/1.1 307 Temporary Redirect"
2024-09-14 23:25:58,333 - INFO - Starting Request
2024-09-14 23:25:58,339 - INFO - Ended Request. Process time: 0.005984067916870117
2024-09-14 23:25:58,339 - INFO - HTTP Request: POST http://testserver/customers/ "HTTP/1.1 201 Created"
2024-09-14 23:25:58,346 - INFO - Starting Request
2024-09-14 23:25:58,346 - INFO - Ended Request. Process time: 0.0
2024-09-14 23:25:58,346 - INFO - HTTP Request: PUT http://testserver/customers/1 "HTTP/1.1 200 OK"
2024-09-14 23:25:58,375 - INFO - Starting Request
2024-09-14 23:25:58,376 - INFO - Ended Request. Process time: 0.0009980201721191406
2024-09-14 23:25:58,378 - INFO - HTTP Request: GET http://testserver/orders "HTTP/1.1 307 Temporary Redirect"
2024-09-14 23:25:58,382 - INFO - Starting Request
2024-09-14 23:25:58,386 - INFO - Ended Request. Process time: 0.0025222301483154297
2024-09-14 23:25:58,386 - INFO - HTTP Request: GET http://testserver/orders/ "HTTP/1.1 200 OK"
2024-09-14 23:25:58,398 - INFO - Starting Request
2024-09-14 23:25:58,398 - INFO - Ended Request. Process time: 0.0
2024-09-14 23:25:58,398 - INFO - HTTP Request: POST http://testserver/orders "HTTP/1.1 307 Temporary Redirect"
2024-09-14 23:25:58,398 - INFO - Starting Request
2024-09-14 23:25:58,416 - INFO - Ended Request. Process time: 0.004988670349121094
2024-09-14 23:25:58,418 - INFO - HTTP Request: POST http://testserver/orders/ "HTTP/1.1 201 Created"
2024-09-14 23:25:58,434 - INFO - Starting Request
2024-09-14 23:25:58,435 - INFO - Ended Request. Process time: 0.0009980201721191406
2024-09-14 23:25:58,437 - INFO - HTTP Request: GET http://testserver/products "HTTP/1.1 307 Temporary Redirect"
2024-09-14 23:25:58,437 - INFO - Starting Request
2024-09-14 23:25:58,437 - INFO - Ended Request. Process time: 0.0
2024-09-14 23:25:58,437 - INFO - HTTP Request: GET http://testserver/products/ "HTTP/1.1 200 OK"
2024-09-14 23:25:58,456 - INFO - Starting Request
2024-09-14 23:25:58,457 - INFO - Ended Request. Process time: 0.0
2024-09-14 23:25:58,459 - INFO - HTTP Request: POST http://testserver/products "HTTP/1.1 307 Temporary Redirect"
2024-09-14 23:25:58,464 - INFO - Starting Request
2024-09-14 23:25:58,473 - INFO - Ended Request. Process time: 0.00885462760925293
2024-09-14 23:25:58,473 - INFO - HTTP Request: POST http://testserver/products/ "HTTP/1.1 201 Created"
2024-09-14 23:25:58,484 - INFO - Starting Request
2024-09-14 23:25:58,488 - INFO - Ended Request. Process time: 0.002997875213623047
2024-09-14 23:25:58,488 - INFO - HTTP Request: PUT http://testserver/products/3 "HTTP/1.1 200 OK"
2024-09-14 23:25:58,499 - INFO - Starting Request
2024-09-14 23:25:58,507 - INFO - Ended Request. Process time: 0.0072672367095947266
2024-09-14 23:25:58,509 - INFO - HTTP Request: PUT http://testserver/products/9 "HTTP/1.1 404 Not Found"
2024-09-14 23:37:42,503 - INFO - Starting App
2024-09-14 23:37:58,714 - INFO - Starting Request
2024-09-14 23:37:58,716 - INFO - Ended Request. Process time: 0.0009982585906982422
2024-09-14 23:38:07,174 - INFO - Starting Request
2024-09-14 23:38:07,175 - INFO - Ended Request. Process time: 0.0
2024-09-14 23:38:16,499 - INFO - Starting Request
2024-09-14 23:38:16,501 - INFO - Ended Request. Process time: 0.0009982585906982422
2024-09-14 23:38:52,110 - INFO - Starting Request
2024-09-14 23:38:52,114 - INFO - Ended Request. Process time: 0.003990888595581055
2024-09-14 23:38:52,177 - INFO - Starting Request
2024-09-14 23:38:52,192 - INFO - Ended Request. Process time: 0.0029845237731933594
2024-09-14 23:38:59,792 - INFO - Starting Request
2024-09-14 23:38:59,793 - INFO - Ended Request. Process time: 0.0
2024-09-14 23:38:59,803 - INFO - Starting Request
2024-09-14 23:38:59,810 - INFO - Ended Request. Process time: 0.005985260009765625
2024-09-14 23:39:06,348 - INFO - Starting Request
2024-09-14 23:39:06,349 - INFO - Ended Request. Process time: 0.000993967056274414
2024-09-14 23:39:06,358 - INFO - Starting Request
2024-09-14 23:39:06,360 - INFO - Ended Request. Process time: 0.002000093460083008
2024-09-14 23:40:22,875 - INFO - Starting Request
2024-09-14 23:40:22,877 - INFO - Ended Request. Process time: 0.0009980201721191406
2024-09-14 23:40:22,944 - INFO - Starting Request
2024-09-14 23:40:22,945 - INFO - Ended Request. Process time: 0.0009965896606445312
2024-09-14 23:40:32,019 - INFO - Starting Request
2024-09-14 23:40:32,022 - INFO - Ended Request. Process time: 0.001481771469116211
2024-09-14 23:40:36,797 - INFO - Starting Request
2024-09-14 23:40:36,799 - INFO - Ended Request. Process time: 0.0009965896606445312
2024-09-14 23:40:39,764 - INFO - Starting Request
2024-09-14 23:40:39,764 - INFO - Ended Request. Process time: 0.0
2024-09-15 00:02:49,710 - INFO - Starting Request
2024-09-15 00:02:49,712 - INFO - Ended Request. Process time: 0.0
2024-09-15 00:02:50,891 - INFO - Starting Request
2024-09-15 00:02:51,005 - INFO - Ended Request. Process time: 0.11365413665771484
2024-09-15 00:03:03,309 - INFO - Starting Request
2024-09-15 00:03:03,311 - INFO - Ended Request. Process time: 0.0012662410736083984
2024-09-15 00:03:28,845 - INFO - Starting Request
2024-09-15 00:03:28,848 - INFO - Ended Request. Process time: 0.003290414810180664
2024-09-15 00:04:03,687 - INFO - Starting Request
2024-09-15 00:05:26,592 - INFO - Starting Request
2024-09-15 00:05:26,596 - INFO - Ended Request. Process time: 0.001988649368286133
2024-09-15 00:05:38,337 - INFO - Starting Request
2024-09-15 00:05:38,338 - INFO - Ended Request. Process time: 0.0
2024-09-15 00:07:46,340 - INFO - Starting Request
2024-09-15 00:07:46,350 - INFO - Ended Request. Process time: 0.008489847183227539
2024-09-15 00:08:03,993 - INFO - Starting Request
2024-09-15 00:09:59,330 - INFO - Starting App
2024-09-15 00:10:00,912 - INFO - Starting App
2024-09-15 00:10:20,378 - INFO - Starting App
2024-09-15 00:10:22,269 - INFO - Starting App
2024-09-15 00:10:23,996 - INFO - Starting App
2024-09-15 00:10:46,180 - INFO - Starting Request
2024-09-15 00:10:46,270 - INFO - Ended Request. Process time: 0.06113100051879883
2024-09-15 00:10:55,772 - INFO - Starting Request
2024-09-15 00:10:55,772 - INFO - Ended Request. Process time: 0.0
2024-09-15 00:10:56,125 - INFO - Starting Request
2024-09-15 00:10:56,141 - INFO - Ended Request. Process time: 0.015743494033813477
2024-09-15 00:11:12,920 - INFO - Starting Request
2024-09-15 00:11:12,925 - INFO - Ended Request. Process time: 0.0029325485229492188
2024-09-15 00:11:28,008 - INFO - Starting Request
2024-09-15 00:11:28,010 - INFO - Ended Request. Process time: 0.0018963813781738281
